[debug] [2019-09-08T08:48:54.881Z] ----------------------------------------------------------------------
[debug] [2019-09-08T08:48:54.883Z] Command:       C:\Program Files\nodejs\node.exe C:\Users\ronald\AppData\Roaming\npm\node_modules\firebase-tools\lib\bin\firebase.js login
[debug] [2019-09-08T08:48:54.883Z] CLI Version:   7.3.1
[debug] [2019-09-08T08:48:54.883Z] Platform:      win32
[debug] [2019-09-08T08:48:54.883Z] Node Version:  v10.9.0
[debug] [2019-09-08T08:48:54.884Z] Time:          Sun Sep 08 2019 01:48:54 GMT-0700 (Pacific Daylight Time)
[debug] [2019-09-08T08:48:54.884Z] ----------------------------------------------------------------------
[debug] 
[info] i  Firebase optionally collects CLI usage and error reporting information to help improve our products. Data is collected in accordance with Google's privacy policy (https://policies.google.com/privacy) and is not used to identify you.

[info] i  To change your data collection preference at any time, run `firebase logout` and log in again.
[info] 
[info] Visit this URL on this device to log in:
[info] https://accounts.google.com/o/oauth2/auth?client_id=563584335869-fgrhgmd47bqnekij5i8b5pr03ho849e6.apps.googleusercontent.com&scope=email%20openid%20https%3A%2F%2Fwww.googleapis.com%2Fauth%2Fcloudplatformprojects.readonly%20https%3A%2F%2Fwww.googleapis.com%2Fauth%2Ffirebase%20https%3A%2F%2Fwww.googleapis.com%2Fauth%2Fcloud-platform&response_type=code&state=447087221&redirect_uri=http%3A%2F%2Flocalhost%3A9005
[info] 
[info] Waiting for authentication...
[debug] [2019-09-08T08:48:59.540Z] Error: spawn cmd ENOENT
    at Process.ChildProcess._handle.onexit (internal/child_process.js:231:19)
    at onErrorNT (internal/child_process.js:406:16)
    at process._tickCallback (internal/process/next_tick.js:63:19)
[error] 
[error] Error: An unexpected error has occurred.
